<?xml version="1.0" encoding="UTF-8"?>
<!-- Generated by org.testng.reporters.JUnitReportReporter -->
<testsuite hostname="Mahanths-MacBook-Pro.local" failures="0" tests="3" name="com.planit.tests.Testing" time="165.134" errors="0" timestamp="2023-02-06T14:23:52 AEDT" skipped="0">
  <testcase classname="com.planit.tests.Testing" name="TC03_CartTotal" time="31.743"/>
  <system-out/>
  <testcase classname="com.planit.tests.Testing" name="TC01_errorMessagevalidation" time="34.599"/>
  <system-out/>
  <testcase classname="com.planit.tests.Testing" name="TC02_validMessageValidation" time="98.792"/>
  <system-out/>
</testsuite> <!-- com.planit.tests.Testing -->
