<?xml version="1.0" encoding="UTF-8"?>
<!-- Generated by org.testng.reporters.JUnitReportReporter -->
<testsuite hostname="Mahanths-MacBook-Pro.local" failures="0" tests="3" name="com.planit.tests.Testing" time="182.350" errors="0" timestamp="2023-02-05T15:27:32 AEDT" skipped="0">
  <testcase classname="com.planit.tests.Testing" name="TC01_errorMessagevalidation" time="42.795"/>
  <system-out/>
  <testcase classname="com.planit.tests.Testing" name="TC02_validMessageValidation" time="104.095"/>
  <system-out/>
  <testcase classname="com.planit.tests.Testing" name="TC03_CartTotal" time="35.460"/>
  <system-out/>
</testsuite> <!-- com.planit.tests.Testing -->
